<?xml version="1.0" encoding="UTF-8"?>
<!-- Generated by org.testng.reporters.JUnitReportReporter -->
<testsuite hostname="DESKTOP-F2KGTUH" name="com.mystore.testCases.baseClass" tests="1" failures="0" timestamp="9 May 2020 07:31:48 GMT" time="3.770" errors="0">
  <testcase name="setup" time="3.770" classname="com.mystore.testCases.baseClass"/>
</testsuite> <!-- com.mystore.testCases.baseClass -->
